{"/Users/paobing/Documents/Source/PB/templates/react17webpack5/resources/config/hot.js": {"path":"/Users/paobing/Documents/Source/PB/templates/react17webpack5/resources/config/hot.js","statementMap":{"0":{"start":{"line":3,"column":4},"end":{"line":3,"column":37}}},"fnMap":{"0":{"name":"updateCompleted","decl":{"start":{"line":2,"column":9},"end":{"line":2,"column":24}},"loc":{"start":{"line":2,"column":26},"end":{"line":4,"column":1}},"line":2}},"branchMap":{},"s":{"0":0},"f":{"0":0},"b":{}}
,"/Users/paobing/Documents/Source/PB/templates/react17webpack5/resources/entries/index.js": {"path":"/Users/paobing/Documents/Source/PB/templates/react17webpack5/resources/entries/index.js","statementMap":{"0":{"start":{"line":7,"column":0},"end":{"line":9,"column":1}},"1":{"start":{"line":8,"column":4},"end":{"line":8,"column":32}},"2":{"start":{"line":11,"column":0},"end":{"line":15,"column":33}}},"fnMap":{},"branchMap":{"0":{"loc":{"start":{"line":7,"column":0},"end":{"line":9,"column":1}},"type":"if","locations":[{"start":{"line":7,"column":0},"end":{"line":9,"column":1}},{"start":{"line":7,"column":0},"end":{"line":9,"column":1}}],"line":7}},"s":{"0":0,"1":0,"2":0},"f":{},"b":{"0":[0,0]}}
,"/Users/paobing/Documents/Source/PB/templates/react17webpack5/resources/modules/redux/store.js": {"path":"/Users/paobing/Documents/Source/PB/templates/react17webpack5/resources/modules/redux/store.js","statementMap":{"0":{"start":{"line":7,"column":23},"end":{"line":7,"column":45}},"1":{"start":{"line":9,"column":14},"end":{"line":9,"column":67}},"2":{"start":{"line":11,"column":0},"end":{"line":11,"column":29}}},"fnMap":{},"branchMap":{},"s":{"0":0,"1":0,"2":0},"f":{},"b":{}}
,"/Users/paobing/Documents/Source/PB/templates/react17webpack5/resources/modules/redux/actions/counter.js": {"path":"/Users/paobing/Documents/Source/PB/templates/react17webpack5/resources/modules/redux/actions/counter.js","statementMap":{"0":{"start":{"line":9,"column":4},"end":{"line":9,"column":34}},"1":{"start":{"line":13,"column":4},"end":{"line":13,"column":28}},"2":{"start":{"line":17,"column":4},"end":{"line":17,"column":24}}},"fnMap":{"0":{"name":"increment","decl":{"start":{"line":8,"column":16},"end":{"line":8,"column":25}},"loc":{"start":{"line":8,"column":28},"end":{"line":10,"column":1}},"line":8},"1":{"name":"decrement","decl":{"start":{"line":12,"column":16},"end":{"line":12,"column":25}},"loc":{"start":{"line":12,"column":28},"end":{"line":14,"column":1}},"line":12},"2":{"name":"reset","decl":{"start":{"line":16,"column":16},"end":{"line":16,"column":21}},"loc":{"start":{"line":16,"column":24},"end":{"line":18,"column":1}},"line":16}},"branchMap":{},"s":{"0":0,"1":0,"2":0},"f":{"0":0,"1":0,"2":0},"b":{}}
,"/Users/paobing/Documents/Source/PB/templates/react17webpack5/resources/modules/redux/constants/counter.js": {"path":"/Users/paobing/Documents/Source/PB/templates/react17webpack5/resources/modules/redux/constants/counter.js","statementMap":{"0":{"start":{"line":3,"column":4},"end":{"line":3,"column":25}},"1":{"start":{"line":7,"column":4},"end":{"line":7,"column":26}},"2":{"start":{"line":11,"column":25},"end":{"line":11,"column":50}},"3":{"start":{"line":12,"column":25},"end":{"line":12,"column":50}},"4":{"start":{"line":13,"column":21},"end":{"line":13,"column":42}},"5":{"start":{"line":16,"column":31},"end":{"line":16,"column":57}}},"fnMap":{"0":{"name":"getSyncConst","decl":{"start":{"line":2,"column":9},"end":{"line":2,"column":21}},"loc":{"start":{"line":2,"column":26},"end":{"line":4,"column":1}},"line":2},"1":{"name":"getAsyncConst","decl":{"start":{"line":6,"column":9},"end":{"line":6,"column":22}},"loc":{"start":{"line":6,"column":27},"end":{"line":8,"column":1}},"line":6}},"branchMap":{},"s":{"0":0,"1":0,"2":0,"3":0,"4":0,"5":0},"f":{"0":0,"1":0},"b":{}}
,"/Users/paobing/Documents/Source/PB/templates/react17webpack5/resources/modules/redux/reducer/counter.js": {"path":"/Users/paobing/Documents/Source/PB/templates/react17webpack5/resources/modules/redux/reducer/counter.js","statementMap":{"0":{"start":{"line":8,"column":18},"end":{"line":10,"column":1}},"1":{"start":{"line":13,"column":4},"end":{"line":28,"column":5}},"2":{"start":{"line":15,"column":12},"end":{"line":17,"column":14}},"3":{"start":{"line":19,"column":12},"end":{"line":21,"column":14}},"4":{"start":{"line":23,"column":12},"end":{"line":25,"column":14}},"5":{"start":{"line":27,"column":12},"end":{"line":27,"column":24}}},"fnMap":{"0":{"name":"reducer","decl":{"start":{"line":12,"column":24},"end":{"line":12,"column":31}},"loc":{"start":{"line":12,"column":59},"end":{"line":29,"column":1}},"line":12}},"branchMap":{"0":{"loc":{"start":{"line":12,"column":32},"end":{"line":12,"column":49}},"type":"default-arg","locations":[{"start":{"line":12,"column":40},"end":{"line":12,"column":49}}],"line":12},"1":{"loc":{"start":{"line":13,"column":4},"end":{"line":28,"column":5}},"type":"switch","locations":[{"start":{"line":14,"column":8},"end":{"line":17,"column":14}},{"start":{"line":18,"column":8},"end":{"line":21,"column":14}},{"start":{"line":22,"column":8},"end":{"line":25,"column":14}},{"start":{"line":26,"column":8},"end":{"line":27,"column":24}}],"line":13}},"s":{"0":0,"1":0,"2":0,"3":0,"4":0,"5":0},"f":{"0":0},"b":{"0":[0],"1":[0,0,0,0]}}
,"/Users/paobing/Documents/Source/PB/templates/react17webpack5/resources/modules/redux/reducer/index.js": {"path":"/Users/paobing/Documents/Source/PB/templates/react17webpack5/resources/modules/redux/reducer/index.js","statementMap":{"0":{"start":{"line":5,"column":4},"end":{"line":7,"column":5}}},"fnMap":{"0":{"name":"combineReducers","decl":{"start":{"line":3,"column":24},"end":{"line":3,"column":39}},"loc":{"start":{"line":3,"column":57},"end":{"line":8,"column":1}},"line":3}},"branchMap":{"0":{"loc":{"start":{"line":3,"column":40},"end":{"line":3,"column":48}},"type":"default-arg","locations":[{"start":{"line":3,"column":46},"end":{"line":3,"column":48}}],"line":3}},"s":{"0":0},"f":{"0":0},"b":{"0":[0]}}
,"/Users/paobing/Documents/Source/PB/templates/react17webpack5/resources/modules/router/router.config.js": {"path":"/Users/paobing/Documents/Source/PB/templates/react17webpack5/resources/modules/router/router.config.js","statementMap":{"0":{"start":{"line":8,"column":30},"end":{"line":10,"column":1}},"1":{"start":{"line":13,"column":31},"end":{"line":18,"column":1}},"2":{"start":{"line":21,"column":24},"end":{"line":23,"column":1}},"3":{"start":{"line":26,"column":33},"end":{"line":28,"column":1}}},"fnMap":{},"branchMap":{},"s":{"0":0,"1":0,"2":0,"3":0},"f":{},"b":{}}
,"/Users/paobing/Documents/Source/PB/templates/react17webpack5/resources/modules/router/router.js": {"path":"/Users/paobing/Documents/Source/PB/templates/react17webpack5/resources/modules/router/router.js","statementMap":{"0":{"start":{"line":5,"column":43},"end":{"line":5,"column":49}},"1":{"start":{"line":6,"column":20},"end":{"line":6,"column":24}},"2":{"start":{"line":12,"column":8},"end":{"line":12,"column":21}},"3":{"start":{"line":13,"column":8},"end":{"line":15,"column":9}},"4":{"start":{"line":18,"column":19},"end":{"line":27,"column":5}},"5":{"start":{"line":21,"column":8},"end":{"line":24,"column":10}},"6":{"start":{"line":22,"column":25},"end":{"line":22,"column":83}},"7":{"start":{"line":23,"column":12},"end":{"line":23,"column":95}},"8":{"start":{"line":26,"column":8},"end":{"line":26,"column":23}},"9":{"start":{"line":31,"column":40},"end":{"line":31,"column":76}},"10":{"start":{"line":33,"column":8},"end":{"line":61,"column":9}}},"fnMap":{"0":{"name":"(anonymous_0)","decl":{"start":{"line":11,"column":4},"end":{"line":11,"column":5}},"loc":{"start":{"line":11,"column":22},"end":{"line":16,"column":5}},"line":11},"1":{"name":"(anonymous_1)","decl":{"start":{"line":18,"column":19},"end":{"line":18,"column":20}},"loc":{"start":{"line":18,"column":29},"end":{"line":27,"column":5}},"line":18},"2":{"name":"(anonymous_2)","decl":{"start":{"line":21,"column":27},"end":{"line":21,"column":28}},"loc":{"start":{"line":21,"column":43},"end":{"line":24,"column":9}},"line":21},"3":{"name":"(anonymous_3)","decl":{"start":{"line":29,"column":4},"end":{"line":29,"column":5}},"loc":{"start":{"line":29,"column":13},"end":{"line":62,"column":5}},"line":29}},"branchMap":{"0":{"loc":{"start":{"line":22,"column":25},"end":{"line":22,"column":83}},"type":"cond-expr","locations":[{"start":{"line":22,"column":40},"end":{"line":22,"column":73}},{"start":{"line":22,"column":77},"end":{"line":22,"column":83}}],"line":22},"1":{"loc":{"start":{"line":23,"column":31},"end":{"line":23,"column":40}},"type":"binary-expr","locations":[{"start":{"line":23,"column":31},"end":{"line":23,"column":35}},{"start":{"line":23,"column":39},"end":{"line":23,"column":40}}],"line":23}},"s":{"0":0,"1":0,"2":0,"3":0,"4":0,"5":0,"6":0,"7":0,"8":0,"9":0,"10":0},"f":{"0":0,"1":0,"2":0,"3":0},"b":{"0":[0,0],"1":[0,0]}}
,"/Users/paobing/Documents/Source/PB/templates/react17webpack5/resources/modules/saga/index.js": {"path":"/Users/paobing/Documents/Source/PB/templates/react17webpack5/resources/modules/saga/index.js","statementMap":{"0":{"start":{"line":5,"column":4},"end":{"line":5,"column":37}},"1":{"start":{"line":6,"column":4},"end":{"line":6,"column":22}},"2":{"start":{"line":7,"column":4},"end":{"line":11,"column":6}},"3":{"start":{"line":8,"column":8},"end":{"line":8,"column":49}},"4":{"start":{"line":10,"column":8},"end":{"line":10,"column":57}},"5":{"start":{"line":15,"column":4},"end":{"line":15,"column":48}}},"fnMap":{"0":{"name":"increment","decl":{"start":{"line":4,"column":10},"end":{"line":4,"column":19}},"loc":{"start":{"line":4,"column":22},"end":{"line":12,"column":1}},"line":4},"1":{"name":"rootSaga","decl":{"start":{"line":14,"column":10},"end":{"line":14,"column":18}},"loc":{"start":{"line":14,"column":21},"end":{"line":16,"column":1}},"line":14}},"branchMap":{},"s":{"0":0,"1":0,"2":0,"3":0,"4":0,"5":0},"f":{"0":0,"1":0},"b":{}}
,"/Users/paobing/Documents/Source/PB/templates/react17webpack5/resources/pages/App.js": {"path":"/Users/paobing/Documents/Source/PB/templates/react17webpack5/resources/pages/App.js","statementMap":{"0":{"start":{"line":8,"column":8},"end":{"line":10,"column":18}}},"fnMap":{"0":{"name":"(anonymous_0)","decl":{"start":{"line":7,"column":4},"end":{"line":7,"column":5}},"loc":{"start":{"line":7,"column":12},"end":{"line":11,"column":5}},"line":7}},"branchMap":{},"s":{"0":0},"f":{"0":0},"b":{}}
,"/Users/paobing/Documents/Source/PB/templates/react17webpack5/resources/pages/params/comp1.js": {"path":"/Users/paobing/Documents/Source/PB/templates/react17webpack5/resources/pages/params/comp1.js","statementMap":{"0":{"start":{"line":7,"column":8},"end":{"line":7,"column":21}},"1":{"start":{"line":11,"column":8},"end":{"line":19,"column":14}},"2":{"start":{"line":15,"column":34},"end":{"line":15,"column":56}},"3":{"start":{"line":16,"column":34},"end":{"line":16,"column":56}},"4":{"start":{"line":17,"column":34},"end":{"line":17,"column":52}},"5":{"start":{"line":23,"column":24},"end":{"line":27,"column":1}},"6":{"start":{"line":24,"column":4},"end":{"line":26,"column":5}},"7":{"start":{"line":29,"column":27},"end":{"line":33,"column":1}}},"fnMap":{"0":{"name":"(anonymous_0)","decl":{"start":{"line":6,"column":4},"end":{"line":6,"column":5}},"loc":{"start":{"line":6,"column":22},"end":{"line":8,"column":5}},"line":6},"1":{"name":"(anonymous_1)","decl":{"start":{"line":10,"column":4},"end":{"line":10,"column":5}},"loc":{"start":{"line":10,"column":12},"end":{"line":20,"column":5}},"line":10},"2":{"name":"(anonymous_2)","decl":{"start":{"line":15,"column":29},"end":{"line":15,"column":30}},"loc":{"start":{"line":15,"column":33},"end":{"line":15,"column":57}},"line":15},"3":{"name":"(anonymous_3)","decl":{"start":{"line":16,"column":29},"end":{"line":16,"column":30}},"loc":{"start":{"line":16,"column":33},"end":{"line":16,"column":57}},"line":16},"4":{"name":"(anonymous_4)","decl":{"start":{"line":17,"column":29},"end":{"line":17,"column":30}},"loc":{"start":{"line":17,"column":33},"end":{"line":17,"column":53}},"line":17},"5":{"name":"(anonymous_5)","decl":{"start":{"line":23,"column":24},"end":{"line":23,"column":25}},"loc":{"start":{"line":23,"column":35},"end":{"line":27,"column":1}},"line":23}},"branchMap":{},"s":{"0":0,"1":0,"2":0,"3":0,"4":0,"5":0,"6":0,"7":0},"f":{"0":0,"1":0,"2":0,"3":0,"4":0,"5":0},"b":{}}
,"/Users/paobing/Documents/Source/PB/templates/react17webpack5/resources/pages/params/comp2.js": {"path":"/Users/paobing/Documents/Source/PB/templates/react17webpack5/resources/pages/params/comp2.js","statementMap":{"0":{"start":{"line":5,"column":18},"end":{"line":5,"column":59}},"1":{"start":{"line":5,"column":39},"end":{"line":5,"column":58}},"2":{"start":{"line":6,"column":21},"end":{"line":6,"column":34}},"3":{"start":{"line":8,"column":4},"end":{"line":15,"column":14}},"4":{"start":{"line":11,"column":34},"end":{"line":11,"column":55}},"5":{"start":{"line":12,"column":34},"end":{"line":12,"column":55}},"6":{"start":{"line":13,"column":34},"end":{"line":13,"column":51}}},"fnMap":{"0":{"name":"Comp2","decl":{"start":{"line":4,"column":9},"end":{"line":4,"column":14}},"loc":{"start":{"line":4,"column":16},"end":{"line":16,"column":1}},"line":4},"1":{"name":"(anonymous_1)","decl":{"start":{"line":5,"column":30},"end":{"line":5,"column":31}},"loc":{"start":{"line":5,"column":39},"end":{"line":5,"column":58}},"line":5},"2":{"name":"(anonymous_2)","decl":{"start":{"line":11,"column":29},"end":{"line":11,"column":30}},"loc":{"start":{"line":11,"column":33},"end":{"line":11,"column":56}},"line":11},"3":{"name":"(anonymous_3)","decl":{"start":{"line":12,"column":29},"end":{"line":12,"column":30}},"loc":{"start":{"line":12,"column":33},"end":{"line":12,"column":56}},"line":12},"4":{"name":"(anonymous_4)","decl":{"start":{"line":13,"column":29},"end":{"line":13,"column":30}},"loc":{"start":{"line":13,"column":33},"end":{"line":13,"column":52}},"line":13}},"branchMap":{},"s":{"0":0,"1":0,"2":0,"3":0,"4":0,"5":0,"6":0},"f":{"0":0,"1":0,"2":0,"3":0,"4":0},"b":{}}
,"/Users/paobing/Documents/Source/PB/templates/react17webpack5/resources/pages/params/comp3.js": {"path":"/Users/paobing/Documents/Source/PB/templates/react17webpack5/resources/pages/params/comp3.js","statementMap":{"0":{"start":{"line":8,"column":20},"end":{"line":12,"column":1}},"1":{"start":{"line":14,"column":18},"end":{"line":16,"column":1}},"2":{"start":{"line":15,"column":4},"end":{"line":15,"column":51}},"3":{"start":{"line":18,"column":18},"end":{"line":20,"column":1}},"4":{"start":{"line":19,"column":4},"end":{"line":19,"column":51}},"5":{"start":{"line":22,"column":14},"end":{"line":24,"column":1}},"6":{"start":{"line":23,"column":4},"end":{"line":23,"column":47}},"7":{"start":{"line":26,"column":18},"end":{"line":28,"column":1}},"8":{"start":{"line":30,"column":16},"end":{"line":42,"column":1}},"9":{"start":{"line":31,"column":4},"end":{"line":31,"column":31}},"10":{"start":{"line":32,"column":4},"end":{"line":41,"column":5}},"11":{"start":{"line":34,"column":12},"end":{"line":34,"column":59}},"12":{"start":{"line":36,"column":12},"end":{"line":36,"column":59}},"13":{"start":{"line":38,"column":12},"end":{"line":38,"column":31}},"14":{"start":{"line":40,"column":12},"end":{"line":40,"column":30}},"15":{"start":{"line":44,"column":16},"end":{"line":44,"column":40}},"16":{"start":{"line":45,"column":17},"end":{"line":52,"column":1}},"17":{"start":{"line":46,"column":30},"end":{"line":46,"column":60}},"18":{"start":{"line":47,"column":4},"end":{"line":51,"column":5}},"19":{"start":{"line":56,"column":4},"end":{"line":60,"column":5}},"20":{"start":{"line":64,"column":30},"end":{"line":64,"column":49}},"21":{"start":{"line":65,"column":16},"end":{"line":67,"column":5}},"22":{"start":{"line":66,"column":8},"end":{"line":66,"column":31}},"23":{"start":{"line":68,"column":16},"end":{"line":70,"column":5}},"24":{"start":{"line":69,"column":8},"end":{"line":69,"column":30}},"25":{"start":{"line":71,"column":16},"end":{"line":73,"column":5}},"26":{"start":{"line":72,"column":8},"end":{"line":72,"column":25}},"27":{"start":{"line":74,"column":4},"end":{"line":81,"column":5}}},"fnMap":{"0":{"name":"(anonymous_0)","decl":{"start":{"line":14,"column":18},"end":{"line":14,"column":19}},"loc":{"start":{"line":14,"column":31},"end":{"line":16,"column":1}},"line":14},"1":{"name":"(anonymous_1)","decl":{"start":{"line":18,"column":18},"end":{"line":18,"column":19}},"loc":{"start":{"line":18,"column":31},"end":{"line":20,"column":1}},"line":18},"2":{"name":"(anonymous_2)","decl":{"start":{"line":22,"column":14},"end":{"line":22,"column":15}},"loc":{"start":{"line":22,"column":27},"end":{"line":24,"column":1}},"line":22},"3":{"name":"(anonymous_3)","decl":{"start":{"line":30,"column":16},"end":{"line":30,"column":17}},"loc":{"start":{"line":30,"column":35},"end":{"line":42,"column":1}},"line":30},"4":{"name":"(anonymous_4)","decl":{"start":{"line":45,"column":17},"end":{"line":45,"column":18}},"loc":{"start":{"line":45,"column":28},"end":{"line":52,"column":1}},"line":45},"5":{"name":"Comp3","decl":{"start":{"line":54,"column":24},"end":{"line":54,"column":29}},"loc":{"start":{"line":54,"column":31},"end":{"line":61,"column":1}},"line":54},"6":{"name":"Comp4","decl":{"start":{"line":63,"column":9},"end":{"line":63,"column":14}},"loc":{"start":{"line":63,"column":16},"end":{"line":82,"column":1}},"line":63},"7":{"name":"(anonymous_7)","decl":{"start":{"line":65,"column":16},"end":{"line":65,"column":17}},"loc":{"start":{"line":65,"column":22},"end":{"line":67,"column":5}},"line":65},"8":{"name":"(anonymous_8)","decl":{"start":{"line":68,"column":16},"end":{"line":68,"column":17}},"loc":{"start":{"line":68,"column":22},"end":{"line":70,"column":5}},"line":68},"9":{"name":"(anonymous_9)","decl":{"start":{"line":71,"column":16},"end":{"line":71,"column":17}},"loc":{"start":{"line":71,"column":22},"end":{"line":73,"column":5}},"line":71}},"branchMap":{"0":{"loc":{"start":{"line":32,"column":4},"end":{"line":41,"column":5}},"type":"switch","locations":[{"start":{"line":33,"column":8},"end":{"line":34,"column":59}},{"start":{"line":35,"column":8},"end":{"line":36,"column":59}},{"start":{"line":37,"column":8},"end":{"line":38,"column":31}},{"start":{"line":39,"column":8},"end":{"line":40,"column":30}}],"line":32}},"s":{"0":0,"1":0,"2":0,"3":0,"4":0,"5":0,"6":0,"7":0,"8":0,"9":0,"10":0,"11":0,"12":0,"13":0,"14":0,"15":0,"16":0,"17":0,"18":0,"19":0,"20":0,"21":0,"22":0,"23":0,"24":0,"25":0,"26":0,"27":0},"f":{"0":0,"1":0,"2":0,"3":0,"4":0,"5":0,"6":0,"7":0,"8":0,"9":0},"b":{"0":[0,0,0,0]}}
}
